jejuFarm (2)/app/build/outputs/logs/manifest-merger-debug-report.txt
-- Merging decision tree log ---
manifest
ADDED from src\main\AndroidManifest.xml:2:1-104:12
	package
		ADDED from src\main\AndroidManifest.xml:4:5-41
		INJECTED from src\main\AndroidManifest.xml
		INJECTED from src\main\AndroidManifest.xml
	android:versionName
		ADDED from src\main\AndroidManifest.xml:6:5-32
		INJECTED from src\main\AndroidManifest.xml
		INJECTED from src\main\AndroidManifest.xml
	xmlns:tools
		ADDED from src\main\AndroidManifest.xml:3:5-51
	android:versionCode
		ADDED from src\main\AndroidManifest.xml:5:5-30
		INJECTED from src\main\AndroidManifest.xml
		INJECTED from src\main\AndroidManifest.xml
	xmlns:android
		ADDED from src\main\AndroidManifest.xml:2:11-69
uses-sdk
ADDED from src\main\AndroidManifest.xml:8:5-44
MERGED from [com.android.support:appcompat-v7:21.0.3] AndroidManifest.xml:15:5-42
MERGED from [com.google.android.gms:play-services:6.5.87] AndroidManifest.xml:18:5-42
MERGED from [com.android.support:support-v4:21.0.3] AndroidManifest.xml:15:5-42
	android:targetSdkVersion
		INJECTED from src\main\AndroidManifest.xml
		INJECTED from src\main\AndroidManifest.xml
	android:minSdkVersion
		ADDED from src\main\AndroidManifest.xml:8:15-41
		INJECTED from src\main\AndroidManifest.xml
		INJECTED from src\main\AndroidManifest.xml
uses-feature#android.hardware.camera
ADDED from src\main\AndroidManifest.xml:9:5-60
	android:name
		ADDED from src\main\AndroidManifest.xml:9:19-57
supports-screens
ADDED from src\main\AndroidManifest.xml:11:5-16:39
	android:largeScreens
		ADDED from src\main\AndroidManifest.xml:13:9-36
	android:smallScreens
		ADDED from src\main\AndroidManifest.xml:16:9-36
	android:normalScreens
		ADDED from src\main\AndroidManifest.xml:14:9-37
	android:resizeable
		ADDED from src\main\AndroidManifest.xml:15:9-34
	android:anyDensity
		ADDED from src\main\AndroidManifest.xml:12:9-34
application
ADDED from src\main\AndroidManifest.xml:18:5-57:19
MERGED from [com.android.support:appcompat-v7:21.0.3] AndroidManifest.xml:16:5-19
MERGED from [com.google.android.gms:play-services:6.5.87] AndroidManifest.xml:20:5-24:19
MERGED from [com.android.support:support-v4:21.0.3] AndroidManifest.xml:16:5-19
	android:label
		ADDED from src\main\AndroidManifest.xml:20:9-41
	android:icon
		ADDED from src\main\AndroidManifest.xml:19:9-38
activity#kr.co.infomind.app.farmsns.ASNSActivity
ADDED from src\main\AndroidManifest.xml:21:9-33:20
	android:screenOrientation
		ADDED from src\main\AndroidManifest.xml:25:13-49
	android:label
		ADDED from src\main\AndroidManifest.xml:24:13-45
	android:configChanges
		ADDED from src\main\AndroidManifest.xml:23:13-63
	android:theme
		ADDED from src\main\AndroidManifest.xml:26:13-60
	android:name
		ADDED from src\main\AndroidManifest.xml:22:13-41
intent-filter#android.intent.action.MAIN+android.intent.category.LAUNCHER
ADDED from src\main\AndroidManifest.xml:28:13-32:29
action#android.intent.action.MAIN
ADDED from src\main\AndroidManifest.xml:29:17-69
	android:name
		ADDED from src\main\AndroidManifest.xml:29:25-66
category#android.intent.category.LAUNCHER
ADDED from src\main\AndroidManifest.xml:31:17-93
	tools:remove
		ADDED from src\main\AndroidManifest.xml:31:75-90
	android:name
		ADDED from src\main\AndroidManifest.xml:31:27-74
receiver#kr.co.infomind.app.farmsns.C2DMReceiver
ADDED from src\main\AndroidManifest.xml:36:9-44:20
	android:permission
		ADDED from src\main\AndroidManifest.xml:38:13-73
	android:name
		ADDED from src\main\AndroidManifest.xml:37:13-67
intent-filter#com.google.android.c2dm.intent.RECEIVE+kr.co.infomind.app.farmsns
ADDED from src\main\AndroidManifest.xml:39:13-42:29
action#com.google.android.c2dm.intent.RECEIVE
ADDED from src\main\AndroidManifest.xml:40:17-81
	android:name
		ADDED from src\main\AndroidManifest.xml:40:25-78
category#kr.co.infomind.app.farmsns
ADDED from src\main\AndroidManifest.xml:41:17-71
	android:name
		ADDED from src\main\AndroidManifest.xml:41:27-68
service#kr.co.infomind.app.farmsns.GcmIntentService
ADDED from src\main\AndroidManifest.xml:45:9-53
	android:name
		ADDED from src\main\AndroidManifest.xml:45:18-50
permission#kr.co.infomind.app.farmsns.permission.C2D_MESSAGE
ADDED from src\main\AndroidManifest.xml:60:5-62:47
	android:protectionLevel
		ADDED from src\main\AndroidManifest.xml:62:9-44
	android:name
		ADDED from src\main\AndroidManifest.xml:61:9-73
uses-permission#android.permission.READ_PHONE_STATE
ADDED from src\main\AndroidManifest.xml:69:5-75
	android:name
		ADDED from src\main\AndroidManifest.xml:69:22-72
uses-permission#android.permission.INTERNET
ADDED from src\main\AndroidManifest.xml:70:5-67
	android:name
		ADDED from src\main\AndroidManifest.xml:70:22-64
uses-permission#android.permission.WRITE_EXTERNAL_STORAGE
ADDED from src\main\AndroidManifest.xml:71:5-81
	android:name
		ADDED from src\main\AndroidManifest.xml:71:22-78
uses-permission#android.permission.ACCESS_NETWORK_STATE
ADDED from src\main\AndroidManifest.xml:86:5-79
	android:name
		ADDED from src\main\AndroidManifest.xml:86:22-76
uses-permission#android.permission.BROADCAST_STICKY
ADDED from src\main\AndroidManifest.xml:87:5-75
	android:name
		ADDED from src\main\AndroidManifest.xml:87:22-72
uses-permission#android.permission.USE_CREDENTIALS
ADDED from src\main\AndroidManifest.xml:88:5-74
	android:name
		ADDED from src\main\AndroidManifest.xml:88:22-71
uses-permission#android.permission.MOUNT_UNMOUNT_FILESYSTEMS
ADDED from src\main\AndroidManifest.xml:89:5-84
	android:name
		ADDED from src\main\AndroidManifest.xml:89:22-81
uses-permission#android.permission.WAKE_LOCK
ADDED from src\main\AndroidManifest.xml:90:5-68
	android:name
		ADDED from src\main\AndroidManifest.xml:90:22-65
uses-permission#com.google.android.c2dm.permission.RECEIVE
ADDED from src\main\AndroidManifest.xml:93:5-82
	android:name
		ADDED from src\main\AndroidManifest.xml:93:22-79
uses-permission#kr.co.infomind.app.farmsns.permission.C2D_MESSAGE
ADDED from src\main\AndroidManifest.xml:94:5-89
	android:name
		ADDED from src\main\AndroidManifest.xml:94:22-86
meta-data#com.google.android.gms.version
ADDED from [com.google.android.gms:play-services:6.5.87] AndroidManifest.xml:21:9-23:69
	android:value
		ADDED from [com.google.android.gms:play-services:6.5.87] AndroidManifest.xml:23:13-66
	android:name
		ADDED from [com.google.android.gms:play-services:6.5.87] AndroidManifest.xml:22:13-58